# JRE version: Java(TM) SE Runtime Environment (8.0_191-b12) (build 1.8.0_191-b12)
# Java VM: Java HotSpot(TM) Client VM (25.191-b12 mixed mode windows-x86 )
Heap:
 def new generation   total 157248K, used 157248K [0x10200000, 0x1aca0000, 0x1aca0000)
  eden space 139776K, 100% used [0x10200000, 0x18a80000, 0x18a80000)
  from space 17472K, 100% used [0x19b90000, 0x1aca0000, 0x1aca0000)
  to   space 17472K,   0% used [0x18a80000, 0x18a80000, 0x19b90000)
 tenured generation   total 349568K, used 349568K [0x1aca0000, 0x30200000, 0x30200000)
   the space 349568K, 100% used [0x1aca0000, 0x30200000, 0x30200000, 0x30200000)
 Metaspace       used 26131K, capacity 26757K, committed 26880K, reserved 27008K
GC Heap History (10 events):
Event: 443738.658 GC heap before
{Heap before GC invocations=191 (full 43):
 def new generation   total 157248K, used 157241K [0x10200000, 0x1aca0000, 0x1aca0000)
  eden space 139776K, 100% used [0x10200000, 0x18a80000, 0x18a80000)
  from space 17472K,  99% used [0x19b90000, 0x1ac9e640, 0x1aca0000)
  to   space 17472K,   0% used [0x18a80000, 0x18a80000, 0x19b90000)
 tenured generation   total 349568K, used 349568K [0x1aca0000, 0x30200000, 0x30200000)
   the space 349568K, 100% used [0x1aca0000, 0x30200000, 0x30200000, 0x30200000)
 Metaspace       used 26131K, capacity 26757K, committed 26880K, reserved 27008K
Event: 443739.145 GC heap after
Heap after GC invocations=192 (full 44):
 def new generation   total 157248K, used 157175K [0x10200000, 0x1aca0000, 0x1aca0000)
  eden space 139776K, 100% used [0x10200000, 0x18a80000, 0x18a80000)
  from space 17472K,  99% used [0x19b90000, 0x1ac8dd58, 0x1aca0000)
  to   space 17472K,   0% used [0x18a80000, 0x18a80000, 0x19b90000)
 tenured generation   total 349568K, used 349568K [0x1aca0000, 0x30200000, 0x30200000)
   the space 349568K, 100% used [0x1aca0000, 0x30200000, 0x30200000, 0x30200000)
 Metaspace       used 26131K, capacity 26757K, committed 26880K, reserved 27008K
}
Event: 443739.146 GC heap before
{Heap before GC invocations=192 (full 44):
 def new generation   total 157248K, used 157247K [0x10200000, 0x1aca0000, 0x1aca0000)
  eden space 139776K, 100% used [0x10200000, 0x18a80000, 0x18a80000)
  from space 17472K,  99% used [0x19b90000, 0x1ac9fff8, 0x1aca0000)
  to   space 17472K,   0% used [0x18a80000, 0x18a80000, 0x19b90000)
 tenured generation   total 349568K, used 349568K [0x1aca0000, 0x30200000, 0x30200000)
   the space 349568K, 100% used [0x1aca0000, 0x30200000, 0x30200000, 0x30200000)
 Metaspace       used 26131K, capacity 26757K, committed 26880K, reserved 27008K
Event: 443739.701 GC heap after
Heap after GC invocations=193 (full 45):
 def new generation   total 157248K, used 157215K [0x10200000, 0x1aca0000, 0x1aca0000)
  eden space 139776K, 100% used [0x10200000, 0x18a80000, 0x18a80000)
  from space 17472K,  99% used [0x19b90000, 0x1ac97d78, 0x1aca0000)
  to   space 17472K,   0% used [0x18a80000, 0x18a80000, 0x19b90000)
 tenured generation   total 349568K, used 349568K [0x1aca0000, 0x30200000, 0x30200000)
   the space 349568K, 100% used [0x1aca0000, 0x30200000, 0x30200000, 0x30200000)
 Metaspace       used 26131K, capacity 26757K, committed 26880K, reserved 27008K
}
Event: 443739.701 GC heap before
{Heap before GC invocations=193 (full 45):
 def new generation   total 157248K, used 157247K [0x10200000, 0x1aca0000, 0x1aca0000)
  eden space 139776K, 100% used [0x10200000, 0x18a80000, 0x18a80000)
  from space 17472K,  99% used [0x19b90000, 0x1ac9ff78, 0x1aca0000)
  to   space 17472K,   0% used [0x18a80000, 0x18a80000, 0x19b90000)
 tenured generation   total 349568K, used 349568K [0x1aca0000, 0x30200000, 0x30200000)
   the space 349568K, 100% used [0x1aca0000, 0x30200000, 0x30200000, 0x30200000)
 Metaspace       used 26131K, capacity 26757K, committed 26880K, reserved 27008K
Event: 443740.193 GC heap after
Heap after GC invocations=194 (full 46):
 def new generation   total 157248K, used 157215K [0x10200000, 0x1aca0000, 0x1aca0000)
  eden space 139776K, 100% used [0x10200000, 0x18a80000, 0x18a80000)
  from space 17472K,  99% used [0x19b90000, 0x1ac97da0, 0x1aca0000)
  to   space 17472K,   0% used [0x18a80000, 0x18a80000, 0x19b90000)
 tenured generation   total 349568K, used 349568K [0x1aca0000, 0x30200000, 0x30200000)
   the space 349568K, 100% used [0x1aca0000, 0x30200000, 0x30200000, 0x30200000)
 Metaspace       used 26131K, capacity 26757K, committed 26880K, reserved 27008K
}
Event: 443740.194 GC heap before
{Heap before GC invocations=194 (full 46):
 def new generation   total 157248K, used 157230K [0x10200000, 0x1aca0000, 0x1aca0000)
  eden space 139776K, 100% used [0x10200000, 0x18a80000, 0x18a80000)
  from space 17472K,  99% used [0x19b90000, 0x1ac9b968, 0x1aca0000)
  to   space 17472K,   0% used [0x18a80000, 0x18a80000, 0x19b90000)
 tenured generation   total 349568K, used 349568K [0x1aca0000, 0x30200000, 0x30200000)
   the space 349568K, 100% used [0x1aca0000, 0x30200000, 0x30200000, 0x30200000)
 Metaspace       used 26131K, capacity 26757K, committed 26880K, reserved 27008K
Event: 443740.677 GC heap after
Heap after GC invocations=195 (full 47):
 def new generation   total 157248K, used 157191K [0x10200000, 0x1aca0000, 0x1aca0000)
  eden space 139776K, 100% used [0x10200000, 0x18a80000, 0x18a80000)
  from space 17472K,  99% used [0x19b90000, 0x1ac91cf0, 0x1aca0000)
  to   space 17472K,   0% used [0x18a80000, 0x18a80000, 0x19b90000)
 tenured generation   total 349568K, used 349568K [0x1aca0000, 0x30200000, 0x30200000)
   the space 349568K, 100% used [0x1aca0000, 0x30200000, 0x30200000, 0x30200000)
 Metaspace       used 26131K, capacity 26757K, committed 26880K, reserved 27008K
}
Event: 443740.677 GC heap before
{Heap before GC invocations=195 (full 47):
 def new generation   total 157248K, used 157191K [0x10200000, 0x1aca0000, 0x1aca0000)
  eden space 139776K, 100% used [0x10200000, 0x18a80000, 0x18a80000)
  from space 17472K,  99% used [0x19b90000, 0x1ac91cf0, 0x1aca0000)
  to   space 17472K,   0% used [0x18a80000, 0x18a80000, 0x19b90000)
 tenured generation   total 349568K, used 349568K [0x1aca0000, 0x30200000, 0x30200000)
   the space 349568K, 100% used [0x1aca0000, 0x30200000, 0x30200000, 0x30200000)
 Metaspace       used 26131K, capacity 26757K, committed 26880K, reserved 27008K
Event: 443741.164 GC heap after
Heap after GC invocations=196 (full 48):
 def new generation   total 157248K, used 157191K [0x10200000, 0x1aca0000, 0x1aca0000)
  eden space 139776K, 100% used [0x10200000, 0x18a80000, 0x18a80000)
  from space 17472K,  99% used [0x19b90000, 0x1ac91cf0, 0x1aca0000)
  to   space 17472K,   0% used [0x18a80000, 0x18a80000, 0x19b90000)
 tenured generation   total 349568K, used 349568K [0x1aca0000, 0x30200000, 0x30200000)
   the space 349568K, 100% used [0x1aca0000, 0x30200000, 0x30200000, 0x30200000)
 Metaspace       used 26131K, capacity 26757K, committed 26880K, reserved 27008K
}

